        -:    0:Source:/workdir/src/path/to/lib1/lib1_1.c
        -:    0:Graph:../CMakeFiles/lib1.dir/src/path/to/lib1/lib1_1.c.gcno
        -:    0:Data:../CMakeFiles/lib1.dir/src/path/to/lib1/lib1_1.c.gcda
        -:    0:Runs:1
        -:    1:#include <stdio.h>
        -:    2:
function func1 called 1 returned 100% blocks executed 100%
        1:    3:void func1() {
        1:    4:    printf("func1 called\n");
call    0 returned 1
        1:    5:}
        -:    6:
function func2 called 1 returned 100% blocks executed 100%
        1:    7:int func2(int i, int j) {
        1:    8:    printf("func2(%d, %d) called\n", i, j);
call    0 returned 1
        1:    9:    return i + j;
        -:   10:}
