        -:    0:Source:/workdir/src/main.c
        -:    0:Graph:../CMakeFiles/hello.dir/src/main.c.gcno
        -:    0:Data:../CMakeFiles/hello.dir/src/main.c.gcda
        -:    0:Runs:1
        -:    1:#include <stdio.h>
        -:    2:
        -:    3:#include "path/to/lib1/lib1.h"
        -:    4:#include "branches/branches.h"
        -:    5:
function main called 1 returned 100% blocks executed 100%
        1:    6:int main() {
        1:    7:    printf("Hello World!\n");
call    0 returned 100%
        -:    8:
       14:    9:    for (int i = 0; i < 13; i++) {
branch  0 taken 93%
branch  1 taken 7% (fallthrough)
       13:   10:        printf("switch case %d: %d\n", i, sample_switch(i));
call    0 returned 100%
call    1 returned 100%
        -:   11:    }
        -:   12:
        1:   13:    printf("if 3: %d\n", sample_if(3));
call    0 returned 100%
call    1 returned 100%
        1:   14:    printf("if 8: %d\n", sample_if(8));
call    0 returned 100%
call    1 returned 100%
        1:   15:    printf("if 20: %d\n", sample_if(20));
call    0 returned 100%
call    1 returned 100%
        1:   16:    printf("if 24: %d\n", sample_if(24));
call    0 returned 100%
call    1 returned 100%
        1:   17:    printf("if 25: %d\n", sample_if(25));
call    0 returned 100%
call    1 returned 100%
        -:   18:
        1:   19:    printf("loop 233: %d\n", sample_loop(233));
call    0 returned 100%
call    1 returned 100%
        -:   20:
        1:   21:    func1();
call    0 returned 100%
        1:   22:    func2(66, 233);
call    0 returned 100%
        -:   23:
        1:   24:    return 0;
        -:   25:}
